# JRE version: OpenJDK Runtime Environment (11.0.11+9) (build 11.0.11+9-b60-7590822)
# Java VM: OpenJDK 64-Bit Server VM (11.0.11+9-b60-7590822, mixed mode, tiered, compressed oops, g1 gc, windows-amd64)
Heap:
 garbage-first heap   total 155648K, used 21470K [0x0000000083a00000, 0x0000000100000000)
  region size 1024K, 1 young (1024K), 1 survivors (1024K)
 Metaspace       used 35286K, capacity 35779K, committed 35888K, reserved 1081344K
  class space    used 4440K, capacity 4646K, committed 4736K, reserved 1048576K
GC Heap History (9 events):
Event: 1.004 GC heap before
{Heap before GC invocations=0 (full 0):
 garbage-first heap   total 129024K, used 27648K [0x0000000083a00000, 0x0000000100000000)
  region size 1024K, 24 young (24576K), 0 survivors (0K)
 Metaspace       used 12383K, capacity 12504K, committed 12800K, reserved 1060864K
  class space    used 1166K, capacity 1207K, committed 1280K, reserved 1048576K
}
Event: 1.010 GC heap after
{Heap after GC invocations=1 (full 0):
 garbage-first heap   total 129024K, used 5780K [0x0000000083a00000, 0x0000000100000000)
  region size 1024K, 3 young (3072K), 3 survivors (3072K)
 Metaspace       used 12383K, capacity 12504K, committed 12800K, reserved 1060864K
  class space    used 1166K, capacity 1207K, committed 1280K, reserved 1048576K
}
Event: 2.419 GC heap before
{Heap before GC invocations=1 (full 0):
 garbage-first heap   total 129024K, used 40596K [0x0000000083a00000, 0x0000000100000000)
  region size 1024K, 38 young (38912K), 3 survivors (3072K)
 Metaspace       used 20920K, capacity 21174K, committed 21296K, reserved 1069056K
  class space    used 2272K, capacity 2379K, committed 2432K, reserved 1048576K
}
Event: 2.432 GC heap after
{Heap after GC invocations=2 (full 0):
 garbage-first heap   total 129024K, used 9214K [0x0000000083a00000, 0x0000000100000000)
  region size 1024K, 6 young (6144K), 6 survivors (6144K)
 Metaspace       used 20920K, capacity 21174K, committed 21296K, reserved 1069056K
  class space    used 2272K, capacity 2379K, committed 2432K, reserved 1048576K
}
Event: 4.024 GC heap before
{Heap before GC invocations=3 (full 0):
 garbage-first heap   total 129024K, used 61438K [0x0000000083a00000, 0x0000000100000000)
  region size 1024K, 52 young (53248K), 6 survivors (6144K)
 Metaspace       used 31837K, capacity 32286K, committed 32432K, reserved 1077248K
  class space    used 3841K, capacity 4036K, committed 4096K, reserved 1048576K
}
Event: 4.051 GC heap after
{Heap after GC invocations=4 (full 0):
 garbage-first heap   total 129024K, used 20353K [0x0000000083a00000, 0x0000000100000000)
  region size 1024K, 7 young (7168K), 7 survivors (7168K)
 Metaspace       used 31837K, capacity 32286K, committed 32432K, reserved 1077248K
  class space    used 3841K, capacity 4036K, committed 4096K, reserved 1048576K
}
Event: 4.120 GC heap before
{Heap before GC invocations=4 (full 0):
 garbage-first heap   total 129024K, used 22401K [0x0000000083a00000, 0x0000000100000000)
  region size 1024K, 9 young (9216K), 7 survivors (7168K)
 Metaspace       used 32487K, capacity 33022K, committed 33200K, reserved 1079296K
  class space    used 4117K, capacity 4324K, committed 4352K, reserved 1048576K
}
Event: 4.138 GC heap after
{Heap after GC invocations=5 (full 0):
 garbage-first heap   total 129024K, used 21470K [0x0000000083a00000, 0x0000000100000000)
  region size 1024K, 1 young (1024K), 1 survivors (1024K)
 Metaspace       used 32487K, capacity 33022K, committed 33200K, reserved 1079296K
  class space    used 4117K, capacity 4324K, committed 4352K, reserved 1048576K
}
Event: 4.504 GC heap before
{Heap before GC invocations=5 (full 0):
 garbage-first heap   total 129024K, used 32734K [0x0000000083a00000, 0x0000000100000000)
  region size 1024K, 13 young (13312K), 1 survivors (1024K)
 Metaspace       used 35286K, capacity 35779K, committed 35888K, reserved 1081344K
  class space    used 4440K, capacity 4646K, committed 4736K, reserved 1048576K
}

