# JRE version: OpenJDK Runtime Environment (11.0.11+9) (build 11.0.11+9-b60-7590822)
# Java VM: OpenJDK 64-Bit Server VM (11.0.11+9-b60-7590822, mixed mode, tiered, compressed oops, g1 gc, windows-amd64)
Heap:
 garbage-first heap   total 155648K, used 71470K [0x0000000083a00000, 0x0000000100000000)
  region size 1024K, 39 young (39936K), 8 survivors (8192K)
 Metaspace       used 56116K, capacity 56787K, committed 56880K, reserved 1099776K
  class space    used 6473K, capacity 6712K, committed 6784K, reserved 1048576K
GC Heap History (16 events):
Event: 1.153 GC heap before
{Heap before GC invocations=0 (full 0):
 garbage-first heap   total 129024K, used 27648K [0x0000000083a00000, 0x0000000100000000)
  region size 1024K, 24 young (24576K), 0 survivors (0K)
 Metaspace       used 12382K, capacity 12504K, committed 12800K, reserved 1060864K
  class space    used 1166K, capacity 1207K, committed 1280K, reserved 1048576K
}
Event: 1.158 GC heap after
{Heap after GC invocations=1 (full 0):
 garbage-first heap   total 129024K, used 5946K [0x0000000083a00000, 0x0000000100000000)
  region size 1024K, 3 young (3072K), 3 survivors (3072K)
 Metaspace       used 12382K, capacity 12504K, committed 12800K, reserved 1060864K
  class space    used 1166K, capacity 1207K, committed 1280K, reserved 1048576K
}
Event: 2.378 GC heap before
{Heap before GC invocations=1 (full 0):
 garbage-first heap   total 129024K, used 40762K [0x0000000083a00000, 0x0000000100000000)
  region size 1024K, 38 young (38912K), 3 survivors (3072K)
 Metaspace       used 20899K, capacity 21174K, committed 21296K, reserved 1069056K
  class space    used 2273K, capacity 2379K, committed 2432K, reserved 1048576K
}
Event: 2.388 GC heap after
{Heap after GC invocations=2 (full 0):
 garbage-first heap   total 129024K, used 9216K [0x0000000083a00000, 0x0000000100000000)
  region size 1024K, 6 young (6144K), 6 survivors (6144K)
 Metaspace       used 20899K, capacity 21174K, committed 21296K, reserved 1069056K
  class space    used 2273K, capacity 2379K, committed 2432K, reserved 1048576K
}
Event: 3.806 GC heap before
{Heap before GC invocations=3 (full 0):
 garbage-first heap   total 129024K, used 62464K [0x0000000083a00000, 0x0000000100000000)
  region size 1024K, 53 young (54272K), 6 survivors (6144K)
 Metaspace       used 32109K, capacity 32574K, committed 32816K, reserved 1077248K
  class space    used 4005K, capacity 4196K, committed 4224K, reserved 1048576K
}
Event: 3.835 GC heap after
{Heap after GC invocations=4 (full 0):
 garbage-first heap   total 129024K, used 20175K [0x0000000083a00000, 0x0000000100000000)
  region size 1024K, 7 young (7168K), 7 survivors (7168K)
 Metaspace       used 32109K, capacity 32574K, committed 32816K, reserved 1077248K
  class space    used 4005K, capacity 4196K, committed 4224K, reserved 1048576K
}
Event: 4.094 GC heap before
{Heap before GC invocations=4 (full 0):
 garbage-first heap   total 129024K, used 28367K [0x0000000083a00000, 0x0000000100000000)
  region size 1024K, 15 young (15360K), 7 survivors (7168K)
 Metaspace       used 34134K, capacity 34691K, committed 34992K, reserved 1079296K
  class space    used 4325K, capacity 4518K, committed 4608K, reserved 1048576K
}
Event: 4.115 GC heap after
{Heap after GC invocations=5 (full 0):
 garbage-first heap   total 129024K, used 21504K [0x0000000083a00000, 0x0000000100000000)
  region size 1024K, 1 young (1024K), 1 survivors (1024K)
 Metaspace       used 34134K, capacity 34691K, committed 34992K, reserved 1079296K
  class space    used 4325K, capacity 4518K, committed 4608K, reserved 1048576K
}
Event: 4.308 GC heap before
{Heap before GC invocations=5 (full 0):
 garbage-first heap   total 129024K, used 26624K [0x0000000083a00000, 0x0000000100000000)
  region size 1024K, 7 young (7168K), 1 survivors (1024K)
 Metaspace       used 35274K, capacity 35779K, committed 35888K, reserved 1081344K
  class space    used 4441K, capacity 4646K, committed 4736K, reserved 1048576K
}
Event: 4.311 GC heap after
{Heap after GC invocations=6 (full 0):
 garbage-first heap   total 129024K, used 21626K [0x0000000083a00000, 0x0000000100000000)
  region size 1024K, 2 young (2048K), 2 survivors (2048K)
 Metaspace       used 35274K, capacity 35779K, committed 35888K, reserved 1081344K
  class space    used 4441K, capacity 4646K, committed 4736K, reserved 1048576K
}
Event: 5.467 GC heap before
{Heap before GC invocations=7 (full 0):
 garbage-first heap   total 129024K, used 69754K [0x0000000083a00000, 0x0000000100000000)
  region size 1024K, 47 young (48128K), 2 survivors (2048K)
 Metaspace       used 44926K, capacity 45551K, committed 45872K, reserved 1089536K
  class space    used 5411K, capacity 5636K, committed 5760K, reserved 1048576K
}
Event: 5.478 GC heap after
{Heap after GC invocations=8 (full 0):
 garbage-first heap   total 129024K, used 25832K [0x0000000083a00000, 0x0000000100000000)
  region size 1024K, 6 young (6144K), 6 survivors (6144K)
 Metaspace       used 44926K, capacity 45551K, committed 45872K, reserved 1089536K
  class space    used 5411K, capacity 5636K, committed 5760K, reserved 1048576K
}
Event: 6.608 GC heap before
{Heap before GC invocations=8 (full 0):
 garbage-first heap   total 129024K, used 74984K [0x0000000083a00000, 0x0000000100000000)
  region size 1024K, 53 young (54272K), 6 survivors (6144K)
 Metaspace       used 48510K, capacity 49134K, committed 49328K, reserved 1093632K
  class space    used 5770K, capacity 6020K, committed 6144K, reserved 1048576K
}
Event: 6.635 GC heap after
{Heap after GC invocations=9 (full 0):
 garbage-first heap   total 155648K, used 32768K [0x0000000083a00000, 0x0000000100000000)
  region size 1024K, 7 young (7168K), 7 survivors (7168K)
 Metaspace       used 48510K, capacity 49134K, committed 49328K, reserved 1093632K
  class space    used 5770K, capacity 6020K, committed 6144K, reserved 1048576K
}
Event: 8.366 GC heap before
{Heap before GC invocations=9 (full 0):
 garbage-first heap   total 155648K, used 91136K [0x0000000083a00000, 0x0000000100000000)
  region size 1024K, 64 young (65536K), 7 survivors (7168K)
 Metaspace       used 52425K, capacity 53034K, committed 53168K, reserved 1095680K
  class space    used 6055K, capacity 6295K, committed 6400K, reserved 1048576K
}
Event: 8.402 GC heap after
{Heap after GC invocations=10 (full 0):
 garbage-first heap   total 155648K, used 40750K [0x0000000083a00000, 0x0000000100000000)
  region size 1024K, 8 young (8192K), 8 survivors (8192K)
 Metaspace       used 52425K, capacity 53034K, committed 53168K, reserved 1095680K
  class space    used 6055K, capacity 6295K, committed 6400K, reserved 1048576K
}

